<?xml version="1.0" encoding="UTF-8"?>
<!-- Generated by org.testng.reporters.JUnitXMLReporter -->
<testsuite hostname="Rabias-MacBook-Pro.local" name="Default test" tests="3" failures="0" timestamp="7 Mar 2017 14:09:35 GMT" time="0.892" errors="0">
  <testcase name="Test1" time="0.009" classname="com.practo.testcases.Test1">
    <skipped/>
  </testcase> <!-- Test1 -->
  <testcase name="Test1" time="0.002" classname="com.practo.testcases.Test1">
    <skipped/>
  </testcase> <!-- Test1 -->
  <testcase name="Test1" time="0.002" classname="com.practo.testcases.Test1">
    <skipped/>
  </testcase> <!-- Test1 -->
</testsuite> <!-- Default test -->
