<?xml version="1.0" encoding="UTF-8"?>
<testng-results skipped="0" failed="0" total="1" passed="1">
  <reporter-output>
  </reporter-output>
  <suite name="SuiteName" duration-ms="40" started-at="2017-03-01T15:25:42Z" finished-at="2017-03-01T15:25:42Z">
    <groups>
    </groups>
    <test name="Login Test" duration-ms="40" started-at="2017-03-01T15:25:42Z" finished-at="2017-03-01T15:25:42Z">
      <class name="com.practo.testcases.Test1">
        <test-method status="PASS" signature="function1()[pri:0, instance:com.practo.testcases.Test1@4439f31e]" name="function1" duration-ms="13" started-at="2017-03-01T20:55:42Z" finished-at="2017-03-01T20:55:42Z">
          <reporter-output>
          </reporter-output>
        </test-method> <!-- function1 -->
      </class> <!-- com.practo.testcases.Test1 -->
    </test> <!-- Login Test -->
  </suite> <!-- SuiteName -->
</testng-results>
